2020-06-25 13:38:21.459746

show ip int br
--------------------------------

IP Interface Status for VRF "default"(1)
Interface            IP Address      Interface Status
Vlan100              172.16.100.1    protocol-down/link-down/admin-down 
Vlan101              172.16.101.1    protocol-down/link-down/admin-down 
Vlan102              172.16.102.1    protocol-down/link-down/admin-down 
Vlan103              172.16.103.1    protocol-down/link-down/admin-down 
Vlan104              172.16.104.1    protocol-down/link-down/admin-down 
Vlan105              172.16.105.1    protocol-down/link-down/admin-down 
Lo1                  172.16.0.1      protocol-up/link-up/admin-up       
Lo98                 10.98.98.1      protocol-up/link-up/admin-up       
Lo99                 10.99.99.1      protocol-up/link-up/admin-up       
Eth1/5               172.16.1.1      protocol-down/link-down/admin-down 


show interface status
--------------------------------
--------------------------------------------------------------------------------
Port          Name               Status    Vlan      Duplex  Speed   Type
--------------------------------------------------------------------------------
mgmt0         DO NOT TOUCH CONFI connected routed    full    1000    --         

--------------------------------------------------------------------------------
Port          Name               Status    Vlan      Duplex  Speed   Type
--------------------------------------------------------------------------------
Eth1/1        --                 connected trunk     full    1000    10g        
Eth1/2        --                 connected trunk     full    1000    10g        
Eth1/3        --                 connected 1         full    1000    10g        
Eth1/4        --                 connected 1         full    1000    10g        
Eth1/5        L3 Link            disabled  routed    auto    auto    10g        
Eth1/6        --                 notconnec 1         auto    auto    10g        
Eth1/7        --                 notconnec 1         auto    auto    10g        
Eth1/8        --                 notconnec 1         auto    auto    10g        
Eth1/9        --                 notconnec 1         auto    auto    10g        
Eth1/10       --                 notconnec 1         auto    auto    10g        
Eth1/11       --                 notconnec 1         auto    auto    10g        
Eth1/12       --                 notconnec 1         auto    auto    10g        
Eth1/13       --                 notconnec 1         auto    auto    10g        
Eth1/14       --                 notconnec 1         auto    auto    10g        
Eth1/15       --                 notconnec 1         auto    auto    10g        
Eth1/16       --                 notconnec 1         auto    auto    10g        
Eth1/17       --                 notconnec 1         auto    auto    10g        
Eth1/18       --                 notconnec 1         auto    auto    10g        
Eth1/19       --                 notconnec 1         auto    auto    10g        
Eth1/20       --                 notconnec 1         auto    auto    10g        
Eth1/21       --                 notconnec 1         auto    auto    10g        
Eth1/22       --                 notconnec 1         auto    auto    10g        
Eth1/23       --                 notconnec 1         auto    auto    10g        
Eth1/24       --                 notconnec 1         auto    auto    10g        
Eth1/25       --                 notconnec 1         auto    auto    10g        
Eth1/26       --                 notconnec 1         auto    auto    10g        
Eth1/27       --                 notconnec 1         auto    auto    10g        
Eth1/28       --                 notconnec 1         auto    auto    10g        
Eth1/29       --                 notconnec 1         auto    auto    10g        
Eth1/30       --                 notconnec 1         auto    auto    10g        
Eth1/31       --                 notconnec 1         auto    auto    10g        
Eth1/32       --                 notconnec 1         auto    auto    10g        
Eth1/33       --                 notconnec 1         auto    auto    10g        
Eth1/34       --                 notconnec 1         auto    auto    10g        
Eth1/35       --                 notconnec 1         auto    auto    10g        
Eth1/36       --                 notconnec 1         auto    auto    10g        
Eth1/37       --                 notconnec 1         auto    auto    10g        
Eth1/38       --                 notconnec 1         auto    auto    10g        
Eth1/39       --                 notconnec 1         auto    auto    10g        
Eth1/40       --                 notconnec 1         auto    auto    10g        
Eth1/41       --                 notconnec 1         auto    auto    10g        
Eth1/42       --                 notconnec 1         auto    auto    10g        
Eth1/43       --                 notconnec 1         auto    auto    10g        
Eth1/44       --                 notconnec 1         auto    auto    10g        
Eth1/45       --                 notconnec 1         auto    auto    10g        
Eth1/46       --                 notconnec 1         auto    auto    10g        
Eth1/47       --                 notconnec 1         auto    auto    10g        
Eth1/48       --                 notconnec 1         auto    auto    10g        
Eth1/49       --                 notconnec 1         auto    auto    10g        
Eth1/50       --                 notconnec 1         auto    auto    10g        
Eth1/51       --                 notconnec 1         auto    auto    10g        
Eth1/52       --                 notconnec 1         auto    auto    10g        
Eth1/53       --                 notconnec 1         auto    auto    10g        
Eth1/54       --                 notconnec 1         auto    auto    10g        
Eth1/55       --                 notconnec 1         auto    auto    10g        
Eth1/56       --                 notconnec 1         auto    auto    10g        
Eth1/57       --                 notconnec 1         auto    auto    10g        
Eth1/58       --                 notconnec 1         auto    auto    10g        
Eth1/59       --                 notconnec 1         auto    auto    10g        
Eth1/60       --                 notconnec 1         auto    auto    10g        
Eth1/61       --                 notconnec 1         auto    auto    10g        
Eth1/62       --                 notconnec 1         auto    auto    10g        
Eth1/63       --                 notconnec 1         auto    auto    10g        
Eth1/64       --                 notconnec 1         auto    auto    10g        
Po11          --                 connected trunk     full    1000    --         
Lo1           --                 connected routed    auto    auto    --         
Lo30          My Learning Lab Lo connected routed    auto    auto    --         
Lo98          Configured using O connected routed    auto    auto    --         
Lo99          Full intf config v connected routed    auto    auto    --         
Vlan1         --                 down      routed    auto    auto    --
Vlan100       mgmt svi - DEMO PL down      routed    auto    auto    --
Vlan101       prod svi - DEMO PL down      routed    auto    auto    --
Vlan102       dev svi - DEMO PLE down      routed    auto    auto    --
Vlan103       test svi - DEMO PL down      routed    auto    auto    --
Vlan104       security svi - DEM down      routed    auto    auto    --
Vlan105       iot svi - DEMO PLE down      routed    auto    auto    --


show interface desc
--------------------------------

-------------------------------------------------------------------------------
Interface                Description                                            
-------------------------------------------------------------------------------
mgmt0                    DO NOT TOUCH CONFIG ON THIS INTERFACE

-------------------------------------------------------------------------------
Port          Type   Speed   Description
-------------------------------------------------------------------------------
Eth1/1        eth    10G     --
Eth1/2        eth    10G     --
Eth1/3        eth    10G     --
Eth1/4        eth    10G     --
Eth1/5        eth    10G     L3 Link
Eth1/6        eth    10G     --
Eth1/7        eth    10G     --
Eth1/8        eth    10G     --
Eth1/9        eth    10G     --
Eth1/10       eth    10G     --
Eth1/11       eth    10G     --
Eth1/12       eth    10G     --
Eth1/13       eth    10G     --
Eth1/14       eth    10G     --
Eth1/15       eth    10G     --
Eth1/16       eth    10G     --
Eth1/17       eth    10G     --
Eth1/18       eth    10G     --
Eth1/19       eth    10G     --
Eth1/20       eth    10G     --
Eth1/21       eth    10G     --
Eth1/22       eth    10G     --
Eth1/23       eth    10G     --
Eth1/24       eth    10G     --
Eth1/25       eth    10G     --
Eth1/26       eth    10G     --
Eth1/27       eth    10G     --
Eth1/28       eth    10G     --
Eth1/29       eth    10G     --
Eth1/30       eth    10G     --
Eth1/31       eth    10G     --
Eth1/32       eth    10G     --
Eth1/33       eth    10G     --
Eth1/34       eth    10G     --
Eth1/35       eth    10G     --
Eth1/36       eth    10G     --
Eth1/37       eth    10G     --
Eth1/38       eth    10G     --
Eth1/39       eth    10G     --
Eth1/40       eth    10G     --
Eth1/41       eth    10G     --
Eth1/42       eth    10G     --
Eth1/43       eth    10G     --
Eth1/44       eth    10G     --
Eth1/45       eth    10G     --
Eth1/46       eth    10G     --
Eth1/47       eth    10G     --
Eth1/48       eth    10G     --
Eth1/49       eth    10G     --
Eth1/50       eth    10G     --
Eth1/51       eth    10G     --
Eth1/52       eth    10G     --
Eth1/53       eth    10G     --
Eth1/54       eth    10G     --
Eth1/55       eth    10G     --
Eth1/56       eth    10G     --
Eth1/57       eth    10G     --
Eth1/58       eth    10G     --
Eth1/59       eth    10G     --
Eth1/60       eth    10G     --
Eth1/61       eth    10G     --
Eth1/62       eth    10G     --
Eth1/63       eth    10G     --
Eth1/64       eth    10G     --

-------------------------------------------------------------------------------
Interface                Description                                            
-------------------------------------------------------------------------------
Po11                     --

-------------------------------------------------------------------------------
Interface                Description                                            
-------------------------------------------------------------------------------
Lo1                      --
Lo30                     My Learning Lab Loopback
Lo98                     Configured using OpenConfig Model
Lo99                     Full intf config via NETCONF

-------------------------------------------------------------------------------
Interface                Description                                            
-------------------------------------------------------------------------------
Vlan1                    --
Vlan100                  mgmt svi - DEMO PLEASE DON'T TOUCH
Vlan101                  prod svi - DEMO PLEASE DON'T TOUCH
Vlan102                  dev svi - DEMO PLEASE DON'T TOUCH
Vlan103                  test svi - DEMO PLEASE DON'T TOUCH
Vlan104                  security svi - DEMO PLEASE DON'T TOUCH
Vlan105                  iot svi - DEMO PLEASE DON'T TOUCH


show version
--------------------------------
Cisco Nexus Operating System (NX-OS) Software
TAC support: http://www.cisco.com/tac
Documents: http://www.cisco.com/en/US/products/ps9372/tsd_products_support_series_home.html
Copyright (c) 2002-2019, Cisco Systems, Inc. All rights reserved.
The copyrights to certain works contained herein are owned by
other third parties and are used and distributed under license.
Some parts of this software are covered under the GNU Public
License. A copy of the license is available at
http://www.gnu.org/licenses/gpl.html.

Nexus 9000v is a demo version of the Nexus Operating System

Software
  BIOS: version 
 NXOS: version 9.3(3)
  BIOS compile time:  
  NXOS image file is: bootflash:///nxos.9.3.3.bin
  NXOS compile time:  12/22/2019 2:00:00 [12/22/2019 14:00:37]


Hardware
  cisco Nexus9000 C9300v Chassis 
  Intel(R) Xeon(R) Platinum 8176 CPU @ 2.10GHz with 16409064 kB of memory.
  Processor Board ID 9N3KD63KWT0

  Device name: sbx-n9kv-ao
  bootflash:    4287040 kB
Kernel uptime is 0 day(s), 6 hour(s), 37 minute(s), 2 second(s)

Last reset 
  Reason: Unknown
  System version: 
  Service: 

plugin
  Core Plugin, Ethernet Plugin

Active Package(s):
        mtx-openconfig-all-1.0.0.0-9.3.3.lib32_n9000


show version | json-pretty
--------------------------------
{
    "header_str": "Cisco Nexus Operating System (NX-OS) Software\nTAC support: http://www.cisco.com/tac\nDocuments: http://www.cisco.com/en/US/products/ps9372/tsd_products_support_series_home.html\nCopyright (c) 2002-2019, Cisco Systems, Inc. All rights reserved.\nThe copyrights to certain works contained herein are owned by\nother third parties and are used and distributed under license.\nSome parts of this software are covered under the GNU Public\nLicense. A copy of the license is available at\nhttp://www.gnu.org/licenses/gpl.html.\n\nNexus 9000v is a demo version of the Nexus Operating System", 
    "bios_ver_str": null, 
    "kickstart_ver_str": "9.3(3)", 
    "nxos_ver_str": "9.3(3)", 
    "bios_cmpl_time": null, 
    "kick_file_name": "bootflash:///nxos.9.3.3.bin", 
    "nxos_file_name": "bootflash:///nxos.9.3.3.bin", 
    "kick_cmpl_time": "12/22/2019 2:00:00", 
    "nxos_cmpl_time": "12/22/2019 2:00:00", 
    "kick_tmstmp": "12/22/2019 14:00:37", 
    "nxos_tmstmp": "12/22/2019 14:00:37", 
    "chassis_id": "Nexus9000 C9300v Chassis", 
    "cpu_name": "Intel(R) Xeon(R) Platinum 8176 CPU @ 2.10GHz", 
    "memory": "16409064", 
    "mem_type": "kB", 
    "proc_board_id": "9N3KD63KWT0", 
    "host_name": "sbx-n9kv-ao", 
    "bootflash_size": "4287040", 
    "kern_uptm_days": "0", 
    "kern_uptm_hrs": "6", 
    "kern_uptm_mins": "37", 
    "kern_uptm_secs": "4", 
    "rr_reason": "Unknown", 
    "rr_sys_ver": null, 
    "rr_service": null, 
    "plugins": "Core Plugin, Ethernet Plugin", 
    "manufacturer": "Cisco Systems, Inc.", 
    "TABLE_package_list": {
        "ROW_package_list": {
            "package_id": "mtx-openconfig-all-1.0.0.0-9.3.3.lib32_n9000"
        }
    }
}


show ip route
--------------------------------
IP Route Table for VRF "default"
'*' denotes best ucast next-hop
'**' denotes best mcast next-hop
'[x/y]' denotes [preference/metric]
'%<string>' in via output denotes VRF <string>

10.98.98.0/24, ubest/mbest: 1/0, attached
    *via 10.98.98.1, Lo98, [0/0], 06:35:35, direct
10.98.98.1/32, ubest/mbest: 1/0, attached
    *via 10.98.98.1, Lo98, [0/0], 06:35:35, local
10.99.99.0/24, ubest/mbest: 1/0, attached
    *via 10.99.99.1, Lo99, [0/0], 06:35:35, direct
10.99.99.1/32, ubest/mbest: 1/0, attached
    *via 10.99.99.1, Lo99, [0/0], 06:35:35, local
172.16.0.1/32, ubest/mbest: 2/0, attached
    *via 172.16.0.1, Lo1, [0/0], 06:35:35, local
    *via 172.16.0.1, Lo1, [0/0], 06:35:35, direct




--------------------------------


J-boogie is da man!! :]
J-boogie is da man!! :]

2020-06-25 13:39:37.590131

show ip int br
--------------------------------

IP Interface Status for VRF "default"(1)
Interface            IP Address      Interface Status
Vlan100              172.16.100.1    protocol-down/link-down/admin-down 
Vlan101              172.16.101.1    protocol-down/link-down/admin-down 
Vlan102              172.16.102.1    protocol-down/link-down/admin-down 
Vlan103              172.16.103.1    protocol-down/link-down/admin-down 
Vlan104              172.16.104.1    protocol-down/link-down/admin-down 
Vlan105              172.16.105.1    protocol-down/link-down/admin-down 
Lo1                  172.16.0.1      protocol-up/link-up/admin-up       
Lo98                 10.98.98.1      protocol-up/link-up/admin-up       
Lo99                 10.99.99.1      protocol-up/link-up/admin-up       
Eth1/5               172.16.1.1      protocol-down/link-down/admin-down 


show interface status
--------------------------------
--------------------------------------------------------------------------------
Port          Name               Status    Vlan      Duplex  Speed   Type
--------------------------------------------------------------------------------
mgmt0         DO NOT TOUCH CONFI connected routed    full    1000    --         

--------------------------------------------------------------------------------
Port          Name               Status    Vlan      Duplex  Speed   Type
--------------------------------------------------------------------------------
Eth1/1        --                 connected trunk     full    1000    10g        
Eth1/2        --                 connected trunk     full    1000    10g        
Eth1/3        --                 connected 1         full    1000    10g        
Eth1/4        --                 connected 1         full    1000    10g        
Eth1/5        L3 Link            disabled  routed    auto    auto    10g        
Eth1/6        --                 notconnec 1         auto    auto    10g        
Eth1/7        --                 notconnec 1         auto    auto    10g        
Eth1/8        --                 notconnec 1         auto    auto    10g        
Eth1/9        --                 notconnec 1         auto    auto    10g        
Eth1/10       --                 notconnec 1         auto    auto    10g        
Eth1/11       --                 notconnec 1         auto    auto    10g        
Eth1/12       --                 notconnec 1         auto    auto    10g        
Eth1/13       --                 notconnec 1         auto    auto    10g        
Eth1/14       --                 notconnec 1         auto    auto    10g        
Eth1/15       --                 notconnec 1         auto    auto    10g        
Eth1/16       --                 notconnec 1         auto    auto    10g        
Eth1/17       --                 notconnec 1         auto    auto    10g        
Eth1/18       --                 notconnec 1         auto    auto    10g        
Eth1/19       --                 notconnec 1         auto    auto    10g        
Eth1/20       --                 notconnec 1         auto    auto    10g        
Eth1/21       --                 notconnec 1         auto    auto    10g        
Eth1/22       --                 notconnec 1         auto    auto    10g        
Eth1/23       --                 notconnec 1         auto    auto    10g        
Eth1/24       --                 notconnec 1         auto    auto    10g        
Eth1/25       --                 notconnec 1         auto    auto    10g        
Eth1/26       --                 notconnec 1         auto    auto    10g        
Eth1/27       --                 notconnec 1         auto    auto    10g        
Eth1/28       --                 notconnec 1         auto    auto    10g        
Eth1/29       --                 notconnec 1         auto    auto    10g        
Eth1/30       --                 notconnec 1         auto    auto    10g        
Eth1/31       --                 notconnec 1         auto    auto    10g        
Eth1/32       --                 notconnec 1         auto    auto    10g        
Eth1/33       --                 notconnec 1         auto    auto    10g        
Eth1/34       --                 notconnec 1         auto    auto    10g        
Eth1/35       --                 notconnec 1         auto    auto    10g        
Eth1/36       --                 notconnec 1         auto    auto    10g        
Eth1/37       --                 notconnec 1         auto    auto    10g        
Eth1/38       --                 notconnec 1         auto    auto    10g        
Eth1/39       --                 notconnec 1         auto    auto    10g        
Eth1/40       --                 notconnec 1         auto    auto    10g        
Eth1/41       --                 notconnec 1         auto    auto    10g        
Eth1/42       --                 notconnec 1         auto    auto    10g        
Eth1/43       --                 notconnec 1         auto    auto    10g        
Eth1/44       --                 notconnec 1         auto    auto    10g        
Eth1/45       --                 notconnec 1         auto    auto    10g        
Eth1/46       --                 notconnec 1         auto    auto    10g        
Eth1/47       --                 notconnec 1         auto    auto    10g        
Eth1/48       --                 notconnec 1         auto    auto    10g        
Eth1/49       --                 notconnec 1         auto    auto    10g        
Eth1/50       --                 notconnec 1         auto    auto    10g        
Eth1/51       --                 notconnec 1         auto    auto    10g        
Eth1/52       --                 notconnec 1         auto    auto    10g        
Eth1/53       --                 notconnec 1         auto    auto    10g        
Eth1/54       --                 notconnec 1         auto    auto    10g        
Eth1/55       --                 notconnec 1         auto    auto    10g        
Eth1/56       --                 notconnec 1         auto    auto    10g        
Eth1/57       --                 notconnec 1         auto    auto    10g        
Eth1/58       --                 notconnec 1         auto    auto    10g        
Eth1/59       --                 notconnec 1         auto    auto    10g        
Eth1/60       --                 notconnec 1         auto    auto    10g        
Eth1/61       --                 notconnec 1         auto    auto    10g        
Eth1/62       --                 notconnec 1         auto    auto    10g        
Eth1/63       --                 notconnec 1         auto    auto    10g        
Eth1/64       --                 notconnec 1         auto    auto    10g        
Po11          --                 connected trunk     full    1000    --         
Lo1           --                 connected routed    auto    auto    --         
Lo30          My Learning Lab Lo connected routed    auto    auto    --         
Lo98          Configured using O connected routed    auto    auto    --         
Lo99          Full intf config v connected routed    auto    auto    --         
Vlan1         --                 down      routed    auto    auto    --
Vlan100       mgmt svi - DEMO PL down      routed    auto    auto    --
Vlan101       prod svi - DEMO PL down      routed    auto    auto    --
Vlan102       dev svi - DEMO PLE down      routed    auto    auto    --
Vlan103       test svi - DEMO PL down      routed    auto    auto    --
Vlan104       security svi - DEM down      routed    auto    auto    --
Vlan105       iot svi - DEMO PLE down      routed    auto    auto    --


show interface desc
--------------------------------

-------------------------------------------------------------------------------
Interface                Description                                            
-------------------------------------------------------------------------------
mgmt0                    DO NOT TOUCH CONFIG ON THIS INTERFACE

-------------------------------------------------------------------------------
Port          Type   Speed   Description
-------------------------------------------------------------------------------
Eth1/1        eth    10G     --
Eth1/2        eth    10G     --
Eth1/3        eth    10G     --
Eth1/4        eth    10G     --
Eth1/5        eth    10G     L3 Link
Eth1/6        eth    10G     --
Eth1/7        eth    10G     --
Eth1/8        eth    10G     --
Eth1/9        eth    10G     --
Eth1/10       eth    10G     --
Eth1/11       eth    10G     --
Eth1/12       eth    10G     --
Eth1/13       eth    10G     --
Eth1/14       eth    10G     --
Eth1/15       eth    10G     --
Eth1/16       eth    10G     --
Eth1/17       eth    10G     --
Eth1/18       eth    10G     --
Eth1/19       eth    10G     --
Eth1/20       eth    10G     --
Eth1/21       eth    10G     --
Eth1/22       eth    10G     --
Eth1/23       eth    10G     --
Eth1/24       eth    10G     --
Eth1/25       eth    10G     --
Eth1/26       eth    10G     --
Eth1/27       eth    10G     --
Eth1/28       eth    10G     --
Eth1/29       eth    10G     --
Eth1/30       eth    10G     --
Eth1/31       eth    10G     --
Eth1/32       eth    10G     --
Eth1/33       eth    10G     --
Eth1/34       eth    10G     --
Eth1/35       eth    10G     --
Eth1/36       eth    10G     --
Eth1/37       eth    10G     --
Eth1/38       eth    10G     --
Eth1/39       eth    10G     --
Eth1/40       eth    10G     --
Eth1/41       eth    10G     --
Eth1/42       eth    10G     --
Eth1/43       eth    10G     --
Eth1/44       eth    10G     --
Eth1/45       eth    10G     --
Eth1/46       eth    10G     --
Eth1/47       eth    10G     --
Eth1/48       eth    10G     --
Eth1/49       eth    10G     --
Eth1/50       eth    10G     --
Eth1/51       eth    10G     --
Eth1/52       eth    10G     --
Eth1/53       eth    10G     --
Eth1/54       eth    10G     --
Eth1/55       eth    10G     --
Eth1/56       eth    10G     --
Eth1/57       eth    10G     --
Eth1/58       eth    10G     --
Eth1/59       eth    10G     --
Eth1/60       eth    10G     --
Eth1/61       eth    10G     --
Eth1/62       eth    10G     --
Eth1/63       eth    10G     --
Eth1/64       eth    10G     --

-------------------------------------------------------------------------------
Interface                Description                                            
-------------------------------------------------------------------------------
Po11                     --

-------------------------------------------------------------------------------
Interface                Description                                            
-------------------------------------------------------------------------------
Lo1                      --
Lo30                     My Learning Lab Loopback
Lo98                     Configured using OpenConfig Model
Lo99                     Full intf config via NETCONF

-------------------------------------------------------------------------------
Interface                Description                                            
-------------------------------------------------------------------------------
Vlan1                    --
Vlan100                  mgmt svi - DEMO PLEASE DON'T TOUCH
Vlan101                  prod svi - DEMO PLEASE DON'T TOUCH
Vlan102                  dev svi - DEMO PLEASE DON'T TOUCH
Vlan103                  test svi - DEMO PLEASE DON'T TOUCH
Vlan104                  security svi - DEMO PLEASE DON'T TOUCH
Vlan105                  iot svi - DEMO PLEASE DON'T TOUCH


show version
--------------------------------
Cisco Nexus Operating System (NX-OS) Software
TAC support: http://www.cisco.com/tac
Documents: http://www.cisco.com/en/US/products/ps9372/tsd_products_support_series_home.html
Copyright (c) 2002-2019, Cisco Systems, Inc. All rights reserved.
The copyrights to certain works contained herein are owned by
other third parties and are used and distributed under license.
Some parts of this software are covered under the GNU Public
License. A copy of the license is available at
http://www.gnu.org/licenses/gpl.html.

Nexus 9000v is a demo version of the Nexus Operating System

Software
  BIOS: version 
 NXOS: version 9.3(3)
  BIOS compile time:  
  NXOS image file is: bootflash:///nxos.9.3.3.bin
  NXOS compile time:  12/22/2019 2:00:00 [12/22/2019 14:00:37]


Hardware
  cisco Nexus9000 C9300v Chassis 
  Intel(R) Xeon(R) Platinum 8176 CPU @ 2.10GHz with 16409064 kB of memory.
  Processor Board ID 9N3KD63KWT0

  Device name: sbx-n9kv-ao
  bootflash:    4287040 kB
Kernel uptime is 0 day(s), 6 hour(s), 38 minute(s), 20 second(s)

Last reset 
  Reason: Unknown
  System version: 
  Service: 

plugin
  Core Plugin, Ethernet Plugin

Active Package(s):
        mtx-openconfig-all-1.0.0.0-9.3.3.lib32_n9000


show version | json-pretty
--------------------------------
{
    "header_str": "Cisco Nexus Operating System (NX-OS) Software\nTAC support: http://www.cisco.com/tac\nDocuments: http://www.cisco.com/en/US/products/ps9372/tsd_products_support_series_home.html\nCopyright (c) 2002-2019, Cisco Systems, Inc. All rights reserved.\nThe copyrights to certain works contained herein are owned by\nother third parties and are used and distributed under license.\nSome parts of this software are covered under the GNU Public\nLicense. A copy of the license is available at\nhttp://www.gnu.org/licenses/gpl.html.\n\nNexus 9000v is a demo version of the Nexus Operating System", 
    "bios_ver_str": null, 
    "kickstart_ver_str": "9.3(3)", 
    "nxos_ver_str": "9.3(3)", 
    "bios_cmpl_time": null, 
    "kick_file_name": "bootflash:///nxos.9.3.3.bin", 
    "nxos_file_name": "bootflash:///nxos.9.3.3.bin", 
    "kick_cmpl_time": "12/22/2019 2:00:00", 
    "nxos_cmpl_time": "12/22/2019 2:00:00", 
    "kick_tmstmp": "12/22/2019 14:00:37", 
    "nxos_tmstmp": "12/22/2019 14:00:37", 
    "chassis_id": "Nexus9000 C9300v Chassis", 
    "cpu_name": "Intel(R) Xeon(R) Platinum 8176 CPU @ 2.10GHz", 
    "memory": "16409064", 
    "mem_type": "kB", 
    "proc_board_id": "9N3KD63KWT0", 
    "host_name": "sbx-n9kv-ao", 
    "bootflash_size": "4287040", 
    "kern_uptm_days": "0", 
    "kern_uptm_hrs": "6", 
    "kern_uptm_mins": "38", 
    "kern_uptm_secs": "24", 
    "rr_reason": "Unknown", 
    "rr_sys_ver": null, 
    "rr_service": null, 
    "plugins": "Core Plugin, Ethernet Plugin", 
    "manufacturer": "Cisco Systems, Inc.", 
    "TABLE_package_list": {
        "ROW_package_list": {
            "package_id": "mtx-openconfig-all-1.0.0.0-9.3.3.lib32_n9000"
        }
    }
}


show ip route
--------------------------------
IP Route Table for VRF "default"
'*' denotes best ucast next-hop
'**' denotes best mcast next-hop
'[x/y]' denotes [preference/metric]
'%<string>' in via output denotes VRF <string>

10.98.98.0/24, ubest/mbest: 1/0, attached
    *via 10.98.98.1, Lo98, [0/0], 06:36:54, direct
10.98.98.1/32, ubest/mbest: 1/0, attached
    *via 10.98.98.1, Lo98, [0/0], 06:36:54, local
10.99.99.0/24, ubest/mbest: 1/0, attached
    *via 10.99.99.1, Lo99, [0/0], 06:36:54, direct
10.99.99.1/32, ubest/mbest: 1/0, attached
    *via 10.99.99.1, Lo99, [0/0], 06:36:54, local
172.16.0.1/32, ubest/mbest: 2/0, attached
    *via 172.16.0.1, Lo1, [0/0], 06:36:54, local
    *via 172.16.0.1, Lo1, [0/0], 06:36:54, direct




--------------------------------


2020-06-25 13:42:46.776296

show ip int br
--------------------------------

IP Interface Status for VRF "default"(1)
Interface            IP Address      Interface Status
Vlan100              172.16.100.1    protocol-down/link-down/admin-down 
Vlan101              172.16.101.1    protocol-down/link-down/admin-down 
Vlan102              172.16.102.1    protocol-down/link-down/admin-down 
Vlan103              172.16.103.1    protocol-down/link-down/admin-down 
Vlan104              172.16.104.1    protocol-down/link-down/admin-down 
Vlan105              172.16.105.1    protocol-down/link-down/admin-down 
Lo1                  172.16.0.1      protocol-up/link-up/admin-up       
Lo98                 10.98.98.1      protocol-up/link-up/admin-up       
Lo99                 10.99.99.1      protocol-up/link-up/admin-up       
Eth1/5               172.16.1.1      protocol-down/link-down/admin-down 


show interface status
--------------------------------

--------------------------------------------------------------------------------
Port          Name               Status    Vlan      Duplex  Speed   Type
--------------------------------------------------------------------------------
mgmt0         DO NOT TOUCH CONFI connected routed    full    1000    --         

--------------------------------------------------------------------------------
Port          Name               Status    Vlan      Duplex  Speed   Type
--------------------------------------------------------------------------------
Eth1/1        --                 connected trunk     full    1000    10g        
Eth1/2        --                 connected trunk     full    1000    10g        
Eth1/3        --                 connected 1         full    1000    10g        
Eth1/4        --                 connected 1         full    1000    10g        
Eth1/5        L3 Link            disabled  routed    auto    auto    10g        
Eth1/6        --                 notconnec 1         auto    auto    10g        
Eth1/7        --                 notconnec 1         auto    auto    10g        
Eth1/8        --                 notconnec 1         auto    auto    10g        
Eth1/9        --                 notconnec 1         auto    auto    10g        
Eth1/10       --                 notconnec 1         auto    auto    10g        
Eth1/11       --                 notconnec 1         auto    auto    10g        
Eth1/12       --                 notconnec 1         auto    auto    10g        
Eth1/13       --                 notconnec 1         auto    auto    10g        
Eth1/14       --                 notconnec 1         auto    auto    10g        
Eth1/15       --                 notconnec 1         auto    auto    10g        
Eth1/16       --                 notconnec 1         auto    auto    10g        
Eth1/17       --                 notconnec 1         auto    auto    10g        
Eth1/18       --                 notconnec 1         auto    auto    10g        
Eth1/19       --                 notconnec 1         auto    auto    10g        
Eth1/20       --                 notconnec 1         auto    auto    10g        
Eth1/21       --                 notconnec 1         auto    auto    10g        
Eth1/22       --                 notconnec 1         auto    auto    10g        
Eth1/23       --                 notconnec 1         auto    auto    10g        
Eth1/24       --                 notconnec 1         auto    auto    10g        
Eth1/25       --                 notconnec 1         auto    auto    10g        
Eth1/26       --                 notconnec 1         auto    auto    10g        
Eth1/27       --                 notconnec 1         auto    auto    10g        
Eth1/28       --                 notconnec 1         auto    auto    10g        
Eth1/29       --                 notconnec 1         auto    auto    10g        
Eth1/30       --                 notconnec 1         auto    auto    10g        
Eth1/31       --                 notconnec 1         auto    auto    10g        
Eth1/32       --                 notconnec 1         auto    auto    10g        
Eth1/33       --                 notconnec 1         auto    auto    10g        
Eth1/34       --                 notconnec 1         auto    auto    10g        
Eth1/35       --                 notconnec 1         auto    auto    10g        
Eth1/36       --                 notconnec 1         auto    auto    10g        
Eth1/37       --                 notconnec 1         auto    auto    10g        
Eth1/38       --                 notconnec 1         auto    auto    10g        
Eth1/39       --                 notconnec 1         auto    auto    10g        
Eth1/40       --                 notconnec 1         auto    auto    10g        
Eth1/41       --                 notconnec 1         auto    auto    10g        
Eth1/42       --                 notconnec 1         auto    auto    10g        
Eth1/43       --                 notconnec 1         auto    auto    10g        
Eth1/44       --                 notconnec 1         auto    auto    10g        
Eth1/45       --                 notconnec 1         auto    auto    10g        
Eth1/46       --                 notconnec 1         auto    auto    10g        
Eth1/47       --                 notconnec 1         auto    auto    10g        
Eth1/48       --                 notconnec 1         auto    auto    10g        
Eth1/49       --                 notconnec 1         auto    auto    10g        
Eth1/50       --                 notconnec 1         auto    auto    10g        
Eth1/51       --                 notconnec 1         auto    auto    10g        
Eth1/52       --                 notconnec 1         auto    auto    10g        
Eth1/53       --                 notconnec 1         auto    auto    10g        
Eth1/54       --                 notconnec 1         auto    auto    10g        
Eth1/55       --                 notconnec 1         auto    auto    10g        
Eth1/56       --                 notconnec 1         auto    auto    10g        
Eth1/57       --                 notconnec 1         auto    auto    10g        
Eth1/58       --                 notconnec 1         auto    auto    10g        
Eth1/59       --                 notconnec 1         auto    auto    10g        
Eth1/60       --                 notconnec 1         auto    auto    10g        
Eth1/61       --                 notconnec 1         auto    auto    10g        
Eth1/62       --                 notconnec 1         auto    auto    10g        
Eth1/63       --                 notconnec 1         auto    auto    10g        
Eth1/64       --                 notconnec 1         auto    auto    10g        
Po11          --                 connected trunk     full    1000    --         
Lo1           --                 connected routed    auto    auto    --         
Lo30          My Learning Lab Lo connected routed    auto    auto    --         
Lo98          Configured using O connected routed    auto    auto    --         
Lo99          Full intf config v connected routed    auto    auto    --         
Vlan1         --                 down      routed    auto    auto    --
Vlan100       mgmt svi - DEMO PL down      routed    auto    auto    --
Vlan101       prod svi - DEMO PL down      routed    auto    auto    --
Vlan102       dev svi - DEMO PLE down      routed    auto    auto    --
Vlan103       test svi - DEMO PL down      routed    auto    auto    --
Vlan104       security svi - DEM down      routed    auto    auto    --
Vlan105       iot svi - DEMO PLE down      routed    auto    auto    --


show interface desc
--------------------------------

-------------------------------------------------------------------------------
Interface                Description                                            
-------------------------------------------------------------------------------
mgmt0                    DO NOT TOUCH CONFIG ON THIS INTERFACE

-------------------------------------------------------------------------------
Port          Type   Speed   Description
-------------------------------------------------------------------------------
Eth1/1        eth    10G     --
Eth1/2        eth    10G     --
Eth1/3        eth    10G     --
Eth1/4        eth    10G     --
Eth1/5        eth    10G     L3 Link
Eth1/6        eth    10G     --
Eth1/7        eth    10G     --
Eth1/8        eth    10G     --
Eth1/9        eth    10G     --
Eth1/10       eth    10G     --
Eth1/11       eth    10G     --
Eth1/12       eth    10G     --
Eth1/13       eth    10G     --
Eth1/14       eth    10G     --
Eth1/15       eth    10G     --
Eth1/16       eth    10G     --
Eth1/17       eth    10G     --
Eth1/18       eth    10G     --
Eth1/19       eth    10G     --
Eth1/20       eth    10G     --
Eth1/21       eth    10G     --
Eth1/22       eth    10G     --
Eth1/23       eth    10G     --
Eth1/24       eth    10G     --
Eth1/25       eth    10G     --
Eth1/26       eth    10G     --
Eth1/27       eth    10G     --
Eth1/28       eth    10G     --
Eth1/29       eth    10G     --
Eth1/30       eth    10G     --
Eth1/31       eth    10G     --
Eth1/32       eth    10G     --
Eth1/33       eth    10G     --
Eth1/34       eth    10G     --
Eth1/35       eth    10G     --
Eth1/36       eth    10G     --
Eth1/37       eth    10G     --
Eth1/38       eth    10G     --
Eth1/39       eth    10G     --
Eth1/40       eth    10G     --
Eth1/41       eth    10G     --
Eth1/42       eth    10G     --
Eth1/43       eth    10G     --
Eth1/44       eth    10G     --
Eth1/45       eth    10G     --
Eth1/46       eth    10G     --
Eth1/47       eth    10G     --
Eth1/48       eth    10G     --
Eth1/49       eth    10G     --
Eth1/50       eth    10G     --
Eth1/51       eth    10G     --
Eth1/52       eth    10G     --
Eth1/53       eth    10G     --
Eth1/54       eth    10G     --
Eth1/55       eth    10G     --
Eth1/56       eth    10G     --
Eth1/57       eth    10G     --
Eth1/58       eth    10G     --
Eth1/59       eth    10G     --
Eth1/60       eth    10G     --
Eth1/61       eth    10G     --
Eth1/62       eth    10G     --
Eth1/63       eth    10G     --
Eth1/64       eth    10G     --

-------------------------------------------------------------------------------
Interface                Description                                            
-------------------------------------------------------------------------------
Po11                     --

-------------------------------------------------------------------------------
Interface                Description                                            
-------------------------------------------------------------------------------
Lo1                      --
Lo30                     My Learning Lab Loopback
Lo98                     Configured using OpenConfig Model
Lo99                     Full intf config via NETCONF

-------------------------------------------------------------------------------
Interface                Description                                            
-------------------------------------------------------------------------------
Vlan1                    --
Vlan100                  mgmt svi - DEMO PLEASE DON'T TOUCH
Vlan101                  prod svi - DEMO PLEASE DON'T TOUCH
Vlan102                  dev svi - DEMO PLEASE DON'T TOUCH
Vlan103                  test svi - DEMO PLEASE DON'T TOUCH
Vlan104                  security svi - DEMO PLEASE DON'T TOUCH
Vlan105                  iot svi - DEMO PLEASE DON'T TOUCH


show version
--------------------------------

Cisco Nexus Operating System (NX-OS) Software
TAC support: http://www.cisco.com/tac
Documents: http://www.cisco.com/en/US/products/ps9372/tsd_products_support_series_home.html
Copyright (c) 2002-2019, Cisco Systems, Inc. All rights reserved.
The copyrights to certain works contained herein are owned by
other third parties and are used and distributed under license.
Some parts of this software are covered under the GNU Public
License. A copy of the license is available at
http://www.gnu.org/licenses/gpl.html.

Nexus 9000v is a demo version of the Nexus Operating System

Software
  BIOS: version 
 NXOS: version 9.3(3)
  BIOS compile time:  
  NXOS image file is: bootflash:///nxos.9.3.3.bin
  NXOS compile time:  12/22/2019 2:00:00 [12/22/2019 14:00:37]


Hardware
  cisco Nexus9000 C9300v Chassis 
  Intel(R) Xeon(R) Platinum 8176 CPU @ 2.10GHz with 16409064 kB of memory.
  Processor Board ID 9N3KD63KWT0

  Device name: sbx-n9kv-ao
  bootflash:    4287040 kB
Kernel uptime is 0 day(s), 6 hour(s), 41 minute(s), 27 second(s)

Last reset 
  Reason: Unknown
  System version: 
  Service: 

plugin
  Core Plugin, Ethernet Plugin

Active Package(s):
        mtx-openconfig-all-1.0.0.0-9.3.3.lib32_n9000


show version | json-pretty
--------------------------------
{
    "header_str": "Cisco Nexus Operating System (NX-OS) Software\nTAC support: http://www.cisco.com/tac\nDocuments: http://www.cisco.com/en/US/products/ps9372/tsd_products_support_series_home.html\nCopyright (c) 2002-2019, Cisco Systems, Inc. All rights reserved.\nThe copyrights to certain works contained herein are owned by\nother third parties and are used and distributed under license.\nSome parts of this software are covered under the GNU Public\nLicense. A copy of the license is available at\nhttp://www.gnu.org/licenses/gpl.html.\n\nNexus 9000v is a demo version of the Nexus Operating System", 
    "bios_ver_str": null, 
    "kickstart_ver_str": "9.3(3)", 
    "nxos_ver_str": "9.3(3)", 
    "bios_cmpl_time": null, 
    "kick_file_name": "bootflash:///nxos.9.3.3.bin", 
    "nxos_file_name": "bootflash:///nxos.9.3.3.bin", 
    "kick_cmpl_time": "12/22/2019 2:00:00", 
    "nxos_cmpl_time": "12/22/2019 2:00:00", 
    "kick_tmstmp": "12/22/2019 14:00:37", 
    "nxos_tmstmp": "12/22/2019 14:00:37", 
    "chassis_id": "Nexus9000 C9300v Chassis", 
    "cpu_name": "Intel(R) Xeon(R) Platinum 8176 CPU @ 2.10GHz", 
    "memory": "16409064", 
    "mem_type": "kB", 
    "proc_board_id": "9N3KD63KWT0", 
    "host_name": "sbx-n9kv-ao", 
    "bootflash_size": "4287040", 
    "kern_uptm_days": "0", 
    "kern_uptm_hrs": "6", 
    "kern_uptm_mins": "41", 
    "kern_uptm_secs": "29", 
    "rr_reason": "Unknown", 
    "rr_sys_ver": null, 
    "rr_service": null, 
    "plugins": "Core Plugin, Ethernet Plugin", 
    "manufacturer": "Cisco Systems, Inc.", 
    "TABLE_package_list": {
        "ROW_package_list": {
            "package_id": "mtx-openconfig-all-1.0.0.0-9.3.3.lib32_n9000"
        }
    }
}


show ip route
--------------------------------
IP Route Table for VRF "default"
'*' denotes best ucast next-hop
'**' denotes best mcast next-hop
'[x/y]' denotes [preference/metric]
'%<string>' in via output denotes VRF <string>

10.98.98.0/24, ubest/mbest: 1/0, attached
    *via 10.98.98.1, Lo98, [0/0], 06:40:00, direct
10.98.98.1/32, ubest/mbest: 1/0, attached
    *via 10.98.98.1, Lo98, [0/0], 06:40:00, local
10.99.99.0/24, ubest/mbest: 1/0, attached
    *via 10.99.99.1, Lo99, [0/0], 06:40:00, direct
10.99.99.1/32, ubest/mbest: 1/0, attached
    *via 10.99.99.1, Lo99, [0/0], 06:40:00, local
172.16.0.1/32, ubest/mbest: 2/0, attached
    *via 172.16.0.1, Lo1, [0/0], 06:40:00, local
    *via 172.16.0.1, Lo1, [0/0], 06:40:00, direct




--------------------------------


J-boogie is da man!! :]
J-boogie is da man!! :]
J-boogie is da man!! :]
J-boogie is da man!! :]
J-boogie is da man!! :]
J-boogie is da man!! :]
J-boogie is da man!! :]
J-boogie is da man!! :]
J-boogie is da man!! :]
J-boogie is da man!! :]
J-boogie is da man!! :]
J-boogie is da man!! :]
J-boogie is da man!! :]
J-boogie is da man!! :]
J-boogie is da man!! :]

2020-06-25 13:45:56.606198

show ip int br
--------------------------------

IP Interface Status for VRF "default"(1)
Interface            IP Address      Interface Status
Vlan100              172.16.100.1    protocol-down/link-down/admin-down 
Vlan101              172.16.101.1    protocol-down/link-down/admin-down 
Vlan102              172.16.102.1    protocol-down/link-down/admin-down 
Vlan103              172.16.103.1    protocol-down/link-down/admin-down 
Vlan104              172.16.104.1    protocol-down/link-down/admin-down 
Vlan105              172.16.105.1    protocol-down/link-down/admin-down 
Lo1                  172.16.0.1      protocol-up/link-up/admin-up       
Lo98                 10.98.98.1      protocol-up/link-up/admin-up       
Lo99                 10.99.99.1      protocol-up/link-up/admin-up       
Eth1/5               172.16.1.1      protocol-down/link-down/admin-down 


show interface status
--------------------------------
--------------------------------------------------------------------------------
Port          Name               Status    Vlan      Duplex  Speed   Type
--------------------------------------------------------------------------------
mgmt0         DO NOT TOUCH CONFI connected routed    full    1000    --         

--------------------------------------------------------------------------------
Port          Name               Status    Vlan      Duplex  Speed   Type
--------------------------------------------------------------------------------
Eth1/1        --                 connected trunk     full    1000    10g        
Eth1/2        --                 connected trunk     full    1000    10g        
Eth1/3        --                 connected 1         full    1000    10g        
Eth1/4        --                 connected 1         full    1000    10g        
Eth1/5        L3 Link            disabled  routed    auto    auto    10g        
Eth1/6        --                 notconnec 1         auto    auto    10g        
Eth1/7        --                 notconnec 1         auto    auto    10g        
Eth1/8        --                 notconnec 1         auto    auto    10g        
Eth1/9        --                 notconnec 1         auto    auto    10g        
Eth1/10       --                 notconnec 1         auto    auto    10g        
Eth1/11       --                 notconnec 1         auto    auto    10g        
Eth1/12       --                 notconnec 1         auto    auto    10g        
Eth1/13       --                 notconnec 1         auto    auto    10g        
Eth1/14       --                 notconnec 1         auto    auto    10g        
Eth1/15       --                 notconnec 1         auto    auto    10g        
Eth1/16       --                 notconnec 1         auto    auto    10g        
Eth1/17       --                 notconnec 1         auto    auto    10g        
Eth1/18       --                 notconnec 1         auto    auto    10g        
Eth1/19       --                 notconnec 1         auto    auto    10g        
Eth1/20       --                 notconnec 1         auto    auto    10g        
Eth1/21       --                 notconnec 1         auto    auto    10g        
Eth1/22       --                 notconnec 1         auto    auto    10g        
Eth1/23       --                 notconnec 1         auto    auto    10g        
Eth1/24       --                 notconnec 1         auto    auto    10g        
Eth1/25       --                 notconnec 1         auto    auto    10g        
Eth1/26       --                 notconnec 1         auto    auto    10g        
Eth1/27       --                 notconnec 1         auto    auto    10g        
Eth1/28       --                 notconnec 1         auto    auto    10g        
Eth1/29       --                 notconnec 1         auto    auto    10g        
Eth1/30       --                 notconnec 1         auto    auto    10g        
Eth1/31       --                 notconnec 1         auto    auto    10g        
Eth1/32       --                 notconnec 1         auto    auto    10g        
Eth1/33       --                 notconnec 1         auto    auto    10g        
Eth1/34       --                 notconnec 1         auto    auto    10g        
Eth1/35       --                 notconnec 1         auto    auto    10g        
Eth1/36       --                 notconnec 1         auto    auto    10g        
Eth1/37       --                 notconnec 1         auto    auto    10g        
Eth1/38       --                 notconnec 1         auto    auto    10g        
Eth1/39       --                 notconnec 1         auto    auto    10g        
Eth1/40       --                 notconnec 1         auto    auto    10g        
Eth1/41       --                 notconnec 1         auto    auto    10g        
Eth1/42       --                 notconnec 1         auto    auto    10g        
Eth1/43       --                 notconnec 1         auto    auto    10g        
Eth1/44       --                 notconnec 1         auto    auto    10g        
Eth1/45       --                 notconnec 1         auto    auto    10g        
Eth1/46       --                 notconnec 1         auto    auto    10g        
Eth1/47       --                 notconnec 1         auto    auto    10g        
Eth1/48       --                 notconnec 1         auto    auto    10g        
Eth1/49       --                 notconnec 1         auto    auto    10g        
Eth1/50       --                 notconnec 1         auto    auto    10g        
Eth1/51       --                 notconnec 1         auto    auto    10g        
Eth1/52       --                 notconnec 1         auto    auto    10g        
Eth1/53       --                 notconnec 1         auto    auto    10g        
Eth1/54       --                 notconnec 1         auto    auto    10g        
Eth1/55       --                 notconnec 1         auto    auto    10g        
Eth1/56       --                 notconnec 1         auto    auto    10g        
Eth1/57       --                 notconnec 1         auto    auto    10g        
Eth1/58       --                 notconnec 1         auto    auto    10g        
Eth1/59       --                 notconnec 1         auto    auto    10g        
Eth1/60       --                 notconnec 1         auto    auto    10g        
Eth1/61       --                 notconnec 1         auto    auto    10g        
Eth1/62       --                 notconnec 1         auto    auto    10g        
Eth1/63       --                 notconnec 1         auto    auto    10g        
Eth1/64       --                 notconnec 1         auto    auto    10g        
Po11          --                 connected trunk     full    1000    --         
Lo1           --                 connected routed    auto    auto    --         
Lo30          My Learning Lab Lo connected routed    auto    auto    --         
Lo98          Configured using O connected routed    auto    auto    --         
Lo99          Full intf config v connected routed    auto    auto    --         
Vlan1         --                 down      routed    auto    auto    --
Vlan100       mgmt svi - DEMO PL down      routed    auto    auto    --
Vlan101       prod svi - DEMO PL down      routed    auto    auto    --
Vlan102       dev svi - DEMO PLE down      routed    auto    auto    --
Vlan103       test svi - DEMO PL down      routed    auto    auto    --
Vlan104       security svi - DEM down      routed    auto    auto    --
Vlan105       iot svi - DEMO PLE down      routed    auto    auto    --


show version
--------------------------------
Cisco Nexus Operating System (NX-OS) Software
TAC support: http://www.cisco.com/tac
Documents: http://www.cisco.com/en/US/products/ps9372/tsd_products_support_series_home.html
Copyright (c) 2002-2019, Cisco Systems, Inc. All rights reserved.
The copyrights to certain works contained herein are owned by
other third parties and are used and distributed under license.
Some parts of this software are covered under the GNU Public
License. A copy of the license is available at
http://www.gnu.org/licenses/gpl.html.

Nexus 9000v is a demo version of the Nexus Operating System

Software
  BIOS: version 
 NXOS: version 9.3(3)
  BIOS compile time:  
  NXOS image file is: bootflash:///nxos.9.3.3.bin
  NXOS compile time:  12/22/2019 2:00:00 [12/22/2019 14:00:37]


Hardware
  cisco Nexus9000 C9300v Chassis 
  Intel(R) Xeon(R) Platinum 8176 CPU @ 2.10GHz with 16409064 kB of memory.
  Processor Board ID 9N3KD63KWT0

  Device name: sbx-n9kv-ao
  bootflash:    4287040 kB
Kernel uptime is 0 day(s), 6 hour(s), 44 minute(s), 33 second(s)

Last reset 
  Reason: Unknown
  System version: 
  Service: 

plugin
  Core Plugin, Ethernet Plugin

Active Package(s):
        mtx-openconfig-all-1.0.0.0-9.3.3.lib32_n9000


show version | json-pretty
--------------------------------
{
    "header_str": "Cisco Nexus Operating System (NX-OS) Software\nTAC support: http://www.cisco.com/tac\nDocuments: http://www.cisco.com/en/US/products/ps9372/tsd_products_support_series_home.html\nCopyright (c) 2002-2019, Cisco Systems, Inc. All rights reserved.\nThe copyrights to certain works contained herein are owned by\nother third parties and are used and distributed under license.\nSome parts of this software are covered under the GNU Public\nLicense. A copy of the license is available at\nhttp://www.gnu.org/licenses/gpl.html.\n\nNexus 9000v is a demo version of the Nexus Operating System", 
    "bios_ver_str": null, 
    "kickstart_ver_str": "9.3(3)", 
    "nxos_ver_str": "9.3(3)", 
    "bios_cmpl_time": null, 
    "kick_file_name": "bootflash:///nxos.9.3.3.bin", 
    "nxos_file_name": "bootflash:///nxos.9.3.3.bin", 
    "kick_cmpl_time": "12/22/2019 2:00:00", 
    "nxos_cmpl_time": "12/22/2019 2:00:00", 
    "kick_tmstmp": "12/22/2019 14:00:37", 
    "nxos_tmstmp": "12/22/2019 14:00:37", 
    "chassis_id": "Nexus9000 C9300v Chassis", 
    "cpu_name": "Intel(R) Xeon(R) Platinum 8176 CPU @ 2.10GHz", 
    "memory": "16409064", 
    "mem_type": "kB", 
    "proc_board_id": "9N3KD63KWT0", 
    "host_name": "sbx-n9kv-ao", 
    "bootflash_size": "4287040", 
    "kern_uptm_days": "0", 
    "kern_uptm_hrs": "6", 
    "kern_uptm_mins": "44", 
    "kern_uptm_secs": "36", 
    "rr_reason": "Unknown", 
    "rr_sys_ver": null, 
    "rr_service": null, 
    "plugins": "Core Plugin, Ethernet Plugin", 
    "manufacturer": "Cisco Systems, Inc.", 
    "TABLE_package_list": {
        "ROW_package_list": {
            "package_id": "mtx-openconfig-all-1.0.0.0-9.3.3.lib32_n9000"
        }
    }
}


show ip route
--------------------------------
IP Route Table for VRF "default"
'*' denotes best ucast next-hop
'**' denotes best mcast next-hop
'[x/y]' denotes [preference/metric]
'%<string>' in via output denotes VRF <string>

10.98.98.0/24, ubest/mbest: 1/0, attached
    *via 10.98.98.1, Lo98, [0/0], 06:43:06, direct
10.98.98.1/32, ubest/mbest: 1/0, attached
    *via 10.98.98.1, Lo98, [0/0], 06:43:06, local
10.99.99.0/24, ubest/mbest: 1/0, attached
    *via 10.99.99.1, Lo99, [0/0], 06:43:06, direct
10.99.99.1/32, ubest/mbest: 1/0, attached
    *via 10.99.99.1, Lo99, [0/0], 06:43:06, local
172.16.0.1/32, ubest/mbest: 2/0, attached
    *via 172.16.0.1, Lo1, [0/0], 06:43:06, local
    *via 172.16.0.1, Lo1, [0/0], 06:43:06, direct




--------------------------------


J-boogie is da man!! :]
**
**
**
**
**
**
**
**
**
**
**
**
**
**
**
**
**
**
**
**
**
**
**
**
**
**
**
**
**
**
**
**
**
**
**
