2020-06-21 14:03:27.060896
show ip int br
--------------------------------
IP Interface Status for VRF "default"(1)
Interface            IP Address      Interface Status
Vlan100              172.16.100.1    protocol-down/link-down/admin-down 
Vlan101              172.16.101.1    protocol-down/link-down/admin-down 
Vlan102              172.16.102.1    protocol-down/link-down/admin-down 
Vlan103              172.16.103.1    protocol-down/link-down/admin-down 
Vlan104              172.16.104.1    protocol-down/link-down/admin-down 
Vlan105              172.16.105.1    protocol-down/link-down/admin-down 
Lo1                  172.16.0.1      protocol-up/link-up/admin-up       
Lo98                 10.98.98.1      protocol-up/link-up/admin-up       
Lo99                 10.99.99.1      protocol-up/link-up/admin-up       
Eth1/5               172.16.1.1      protocol-down/link-down/admin-down 


2020-06-21 14:03:31.838388
show interface status
--------------------------------

--------------------------------------------------------------------------------
Port          Name               Status    Vlan      Duplex  Speed   Type
--------------------------------------------------------------------------------
mgmt0         DO NOT TOUCH CONFI connected routed    full    1000    --         

--------------------------------------------------------------------------------
Port          Name               Status    Vlan      Duplex  Speed   Type
--------------------------------------------------------------------------------
Eth1/1        --                 connected trunk     full    1000    10g        
Eth1/2        --                 connected trunk     full    1000    10g        
Eth1/3        --                 connected 1         full    1000    10g        
Eth1/4        --                 connected 1         full    1000    10g        
Eth1/5        L3 Link            disabled  routed    auto    auto    10g        
Eth1/6        --                 notconnec 1         auto    auto    10g        
Eth1/7        --                 notconnec 1         auto    auto    10g        
Eth1/8        --                 notconnec 1         auto    auto    10g        
Eth1/9        --                 notconnec 1         auto    auto    10g        
Eth1/10       --                 notconnec 1         auto    auto    10g        
Eth1/11       --                 notconnec 1         auto    auto    10g        
Eth1/12       --                 notconnec 1         auto    auto    10g        
Eth1/13       --                 notconnec 1         auto    auto    10g        
Eth1/14       --                 notconnec 1         auto    auto    10g        
Eth1/15       --                 notconnec 1         auto    auto    10g        
Eth1/16       --                 notconnec 1         auto    auto    10g        
Eth1/17       --                 notconnec 1         auto    auto    10g        
Eth1/18       --                 notconnec 1         auto    auto    10g        
Eth1/19       --                 notconnec 1         auto    auto    10g        
Eth1/20       --                 notconnec 1         auto    auto    10g        
Eth1/21       --                 notconnec 1         auto    auto    10g        
Eth1/22       --                 notconnec 1         auto    auto    10g        
Eth1/23       --                 notconnec 1         auto    auto    10g        
Eth1/24       --                 notconnec 1         auto    auto    10g        
Eth1/25       --                 notconnec 1         auto    auto    10g        
Eth1/26       --                 notconnec 1         auto    auto    10g        
Eth1/27       --                 notconnec 1         auto    auto    10g        
Eth1/28       --                 notconnec 1         auto    auto    10g        
Eth1/29       --                 notconnec 1         auto    auto    10g        
Eth1/30       --                 notconnec 1         auto    auto    10g        
Eth1/31       --                 notconnec 1         auto    auto    10g        
Eth1/32       --                 notconnec 1         auto    auto    10g        
Eth1/33       --                 notconnec 1         auto    auto    10g        
Eth1/34       --                 notconnec 1         auto    auto    10g        
Eth1/35       --                 notconnec 1         auto    auto    10g        
Eth1/36       --                 notconnec 1         auto    auto    10g        
Eth1/37       --                 notconnec 1         auto    auto    10g        
Eth1/38       --                 notconnec 1         auto    auto    10g        
Eth1/39       --                 notconnec 1         auto    auto    10g        
Eth1/40       --                 notconnec 1         auto    auto    10g        
Eth1/41       --                 notconnec 1         auto    auto    10g        
Eth1/42       --                 notconnec 1         auto    auto    10g        
Eth1/43       --                 notconnec 1         auto    auto    10g        
Eth1/44       --                 notconnec 1         auto    auto    10g        
Eth1/45       --                 notconnec 1         auto    auto    10g        
Eth1/46       --                 notconnec 1         auto    auto    10g        
Eth1/47       --                 notconnec 1         auto    auto    10g        
Eth1/48       --                 notconnec 1         auto    auto    10g        
Eth1/49       --                 notconnec 1         auto    auto    10g        
Eth1/50       --                 notconnec 1         auto    auto    10g        
Eth1/51       --                 notconnec 1         auto    auto    10g        
Eth1/52       --                 notconnec 1         auto    auto    10g        
Eth1/53       --                 notconnec 1         auto    auto    10g        
Eth1/54       --                 notconnec 1         auto    auto    10g        
Eth1/55       --                 notconnec 1         auto    auto    10g        
Eth1/56       --                 notconnec 1         auto    auto    10g        
Eth1/57       --                 notconnec 1         auto    auto    10g        
Eth1/58       --                 notconnec 1         auto    auto    10g        
Eth1/59       --                 notconnec 1         auto    auto    10g        
Eth1/60       --                 notconnec 1         auto    auto    10g        
Eth1/61       --                 notconnec 1         auto    auto    10g        
Eth1/62       --                 notconnec 1         auto    auto    10g        
Eth1/63       --                 notconnec 1         auto    auto    10g        
Eth1/64       --                 notconnec 1         auto    auto    10g        
Po11          --                 connected trunk     full    1000    --         
Lo1           --                 connected routed    auto    auto    --         
Lo30          My Learning Lab Lo connected routed    auto    auto    --         
Lo98          Configured using O connected routed    auto    auto    --         
Lo99          Full intf config v connected routed    auto    auto    --         
Vlan1         --                 down      routed    auto    auto    --
Vlan100       mgmt svi - DEMO PL down      routed    auto    auto    --
Vlan101       prod svi - DEMO PL down      routed    auto    auto    --
Vlan102       dev svi - DEMO PLE down      routed    auto    auto    --
Vlan103       test svi - DEMO PL down      routed    auto    auto    --
Vlan104       security svi - DEM down      routed    auto    auto    --
Vlan105       iot svi - DEMO PLE down      routed    auto    auto    --


2020-06-21 14:03:34.012785
show version
--------------------------------
Cisco Nexus Operating System (NX-OS) Software
TAC support: http://www.cisco.com/tac
Documents: http://www.cisco.com/en/US/products/ps9372/tsd_products_support_series_home.html
Copyright (c) 2002-2019, Cisco Systems, Inc. All rights reserved.
The copyrights to certain works contained herein are owned by
other third parties and are used and distributed under license.
Some parts of this software are covered under the GNU Public
License. A copy of the license is available at
http://www.gnu.org/licenses/gpl.html.

Nexus 9000v is a demo version of the Nexus Operating System

Software
  BIOS: version 
 NXOS: version 9.3(3)
  BIOS compile time:  
  NXOS image file is: bootflash:///nxos.9.3.3.bin
  NXOS compile time:  12/22/2019 2:00:00 [12/22/2019 14:00:37]


Hardware
  cisco Nexus9000 C9300v Chassis 
  Intel(R) Xeon(R) Platinum 8176 CPU @ 2.10GHz with 16409068 kB of memory.
  Processor Board ID 9N3KD63KWT0

  Device name: sbx-n9kv-ao
  bootflash:    4287040 kB
Kernel uptime is 0 day(s), 1 hour(s), 17 minute(s), 15 second(s)

Last reset 
  Reason: Unknown
  System version: 
  Service: 

plugin
  Core Plugin, Ethernet Plugin

Active Package(s):
        mtx-openconfig-all-1.0.0.0-9.3.3.lib32_n9000


2020-06-21 14:03:35.215695

--------------------------------


J-boogie is da man!! :]
2020-06-21 14:07:41.263188

show ip int br
--------------------------------

IP Interface Status for VRF "default"(1)
Interface            IP Address      Interface Status
Vlan100              172.16.100.1    protocol-down/link-down/admin-down 
Vlan101              172.16.101.1    protocol-down/link-down/admin-down 
Vlan102              172.16.102.1    protocol-down/link-down/admin-down 
Vlan103              172.16.103.1    protocol-down/link-down/admin-down 
Vlan104              172.16.104.1    protocol-down/link-down/admin-down 
Vlan105              172.16.105.1    protocol-down/link-down/admin-down 
Lo1                  172.16.0.1      protocol-up/link-up/admin-up       
Lo98                 10.98.98.1      protocol-up/link-up/admin-up       
Lo99                 10.99.99.1      protocol-up/link-up/admin-up       
Eth1/5               172.16.1.1      protocol-down/link-down/admin-down 


show interface status
--------------------------------

--------------------------------------------------------------------------------
Port          Name               Status    Vlan      Duplex  Speed   Type
--------------------------------------------------------------------------------
mgmt0         DO NOT TOUCH CONFI connected routed    full    1000    --         

--------------------------------------------------------------------------------
Port          Name               Status    Vlan      Duplex  Speed   Type
--------------------------------------------------------------------------------
Eth1/1        --                 connected trunk     full    1000    10g        
Eth1/2        --                 connected trunk     full    1000    10g        
Eth1/3        --                 connected 1         full    1000    10g        
Eth1/4        --                 connected 1         full    1000    10g        
Eth1/5        L3 Link            disabled  routed    auto    auto    10g        
Eth1/6        --                 notconnec 1         auto    auto    10g        
Eth1/7        --                 notconnec 1         auto    auto    10g        
Eth1/8        --                 notconnec 1         auto    auto    10g        
Eth1/9        --                 notconnec 1         auto    auto    10g        
Eth1/10       --                 notconnec 1         auto    auto    10g        
Eth1/11       --                 notconnec 1         auto    auto    10g        
Eth1/12       --                 notconnec 1         auto    auto    10g        
Eth1/13       --                 notconnec 1         auto    auto    10g        
Eth1/14       --                 notconnec 1         auto    auto    10g        
Eth1/15       --                 notconnec 1         auto    auto    10g        
Eth1/16       --                 notconnec 1         auto    auto    10g        
Eth1/17       --                 notconnec 1         auto    auto    10g        
Eth1/18       --                 notconnec 1         auto    auto    10g        
Eth1/19       --                 notconnec 1         auto    auto    10g        
Eth1/20       --                 notconnec 1         auto    auto    10g        
Eth1/21       --                 notconnec 1         auto    auto    10g        
Eth1/22       --                 notconnec 1         auto    auto    10g        
Eth1/23       --                 notconnec 1         auto    auto    10g        
Eth1/24       --                 notconnec 1         auto    auto    10g        
Eth1/25       --                 notconnec 1         auto    auto    10g        
Eth1/26       --                 notconnec 1         auto    auto    10g        
Eth1/27       --                 notconnec 1         auto    auto    10g        
Eth1/28       --                 notconnec 1         auto    auto    10g        
Eth1/29       --                 notconnec 1         auto    auto    10g        
Eth1/30       --                 notconnec 1         auto    auto    10g        
Eth1/31       --                 notconnec 1         auto    auto    10g        
Eth1/32       --                 notconnec 1         auto    auto    10g        
Eth1/33       --                 notconnec 1         auto    auto    10g        
Eth1/34       --                 notconnec 1         auto    auto    10g        
Eth1/35       --                 notconnec 1         auto    auto    10g        
Eth1/36       --                 notconnec 1         auto    auto    10g        
Eth1/37       --                 notconnec 1         auto    auto    10g        
Eth1/38       --                 notconnec 1         auto    auto    10g        
Eth1/39       --                 notconnec 1         auto    auto    10g        
Eth1/40       --                 notconnec 1         auto    auto    10g        
Eth1/41       --                 notconnec 1         auto    auto    10g        
Eth1/42       --                 notconnec 1         auto    auto    10g        
Eth1/43       --                 notconnec 1         auto    auto    10g        
Eth1/44       --                 notconnec 1         auto    auto    10g        
Eth1/45       --                 notconnec 1         auto    auto    10g        
Eth1/46       --                 notconnec 1         auto    auto    10g        
Eth1/47       --                 notconnec 1         auto    auto    10g        
Eth1/48       --                 notconnec 1         auto    auto    10g        
Eth1/49       --                 notconnec 1         auto    auto    10g        
Eth1/50       --                 notconnec 1         auto    auto    10g        
Eth1/51       --                 notconnec 1         auto    auto    10g        
Eth1/52       --                 notconnec 1         auto    auto    10g        
Eth1/53       --                 notconnec 1         auto    auto    10g        
Eth1/54       --                 notconnec 1         auto    auto    10g        
Eth1/55       --                 notconnec 1         auto    auto    10g        
Eth1/56       --                 notconnec 1         auto    auto    10g        
Eth1/57       --                 notconnec 1         auto    auto    10g        
Eth1/58       --                 notconnec 1         auto    auto    10g        
Eth1/59       --                 notconnec 1         auto    auto    10g        
Eth1/60       --                 notconnec 1         auto    auto    10g        
Eth1/61       --                 notconnec 1         auto    auto    10g        
Eth1/62       --                 notconnec 1         auto    auto    10g        
Eth1/63       --                 notconnec 1         auto    auto    10g        
Eth1/64       --                 notconnec 1         auto    auto    10g        
Po11          --                 connected trunk     full    1000    --         
Lo1           --                 connected routed    auto    auto    --         
Lo30          My Learning Lab Lo connected routed    auto    auto    --         
Lo98          Configured using O connected routed    auto    auto    --         
Lo99          Full intf config v connected routed    auto    auto    --         
Vlan1         --                 down      routed    auto    auto    --
Vlan100       mgmt svi - DEMO PL down      routed    auto    auto    --
Vlan101       prod svi - DEMO PL down      routed    auto    auto    --
Vlan102       dev svi - DEMO PLE down      routed    auto    auto    --
Vlan103       test svi - DEMO PL down      routed    auto    auto    --
Vlan104       security svi - DEM down      routed    auto    auto    --
Vlan105       iot svi - DEMO PLE down      routed    auto    auto    --


show version
--------------------------------
Cisco Nexus Operating System (NX-OS) Software
TAC support: http://www.cisco.com/tac
Documents: http://www.cisco.com/en/US/products/ps9372/tsd_products_support_series_home.html
Copyright (c) 2002-2019, Cisco Systems, Inc. All rights reserved.
The copyrights to certain works contained herein are owned by
other third parties and are used and distributed under license.
Some parts of this software are covered under the GNU Public
License. A copy of the license is available at
http://www.gnu.org/licenses/gpl.html.

Nexus 9000v is a demo version of the Nexus Operating System

Software
  BIOS: version 
 NXOS: version 9.3(3)
  BIOS compile time:  
  NXOS image file is: bootflash:///nxos.9.3.3.bin
  NXOS compile time:  12/22/2019 2:00:00 [12/22/2019 14:00:37]


Hardware
  cisco Nexus9000 C9300v Chassis 
  Intel(R) Xeon(R) Platinum 8176 CPU @ 2.10GHz with 16409068 kB of memory.
  Processor Board ID 9N3KD63KWT0

  Device name: sbx-n9kv-ao
  bootflash:    4287040 kB
Kernel uptime is 0 day(s), 1 hour(s), 21 minute(s), 31 second(s)

Last reset 
  Reason: Unknown
  System version: 
  Service: 

plugin
  Core Plugin, Ethernet Plugin

Active Package(s):
        mtx-openconfig-all-1.0.0.0-9.3.3.lib32_n9000



--------------------------------


J-boogie is da man!! :]
